<?xml version="1.0" encoding="utf-8"?><testsuites name="pytest tests"><testsuite name="pytest" errors="0" failures="0" skipped="0" tests="11" time="2.069" timestamp="2026-06-05T05:19:11.761682+00:00" hostname="agent-env-c4db11f2-a9ae-41fe-ba7e-3cd14101ea57"><testcase classname="backend.tests.test_visitor_access_controls" name="test_public_preview_contains_browsable_catalog" time="0.222" /><testcase classname="backend.tests.test_visitor_access_controls" name="test_visitor_cannot_access_protected_endpoints[/dashboard]" time="0.109" /><testcase classname="backend.tests.test_visitor_access_controls" name="test_visitor_cannot_access_protected_endpoints[/journal]" time="0.104" /><testcase classname="backend.tests.test_visitor_access_controls" name="test_visitor_cannot_access_protected_endpoints[/classes]" time="0.101" /><testcase classname="backend.tests.test_visitor_access_controls" name="test_visitor_cannot_access_protected_endpoints[/replays]" time="0.103" /><testcase classname="backend.tests.test_visitor_access_controls" name="test_visitor_cannot_access_protected_endpoints[/certificates]" time="0.113" /><testcase classname="backend.tests.test_visitor_access_controls" name="test_visitor_cannot_access_protected_endpoints[/support/tickets]" time="0.118" /><testcase classname="backend.tests.test_visitor_access_controls" name="test_programs_listing_for_visitor_does_not_expose_full_tracks" time="0.108" /><testcase classname="backend.tests.test_visitor_access_controls" name="test_program_detail_for_visitor_does_not_expose_assignments" time="0.136" /><testcase classname="backend.tests.test_visitor_access_controls" name="test_programs_listing_for_authenticated_user_includes_tracks" time="0.419" /><testcase classname="backend.tests.test_visitor_access_controls" name="test_program_detail_for_authenticated_user_includes_modules_and_assignments" time="0.439" /></testsuite></testsuites>