<?xml version="1.0" encoding="utf-8"?><testsuites name="pytest tests"><testsuite name="pytest" errors="0" failures="0" skipped="0" tests="10" time="8.481" timestamp="2026-06-05T03:06:11.521882+00:00" hostname="agent-env-c4db11f2-a9ae-41fe-ba7e-3cd14101ea57"><testcase classname="backend.tests.test_mvp_core_flows" name="test_api_root" time="0.161" /><testcase classname="backend.tests.test_mvp_core_flows" name="test_login_success" time="0.569" /><testcase classname="backend.tests.test_mvp_core_flows" name="test_me" time="0.050" /><testcase classname="backend.tests.test_mvp_core_flows" name="test_onboarding_and_roadmap" time="0.100" /><testcase classname="backend.tests.test_mvp_core_flows" name="test_dashboard_data" time="0.047" /><testcase classname="backend.tests.test_mvp_core_flows" name="test_schools_and_free_course_enrollment" time="0.668" /><testcase classname="backend.tests.test_mvp_core_flows" name="test_course_lessons_completion_progress" time="0.272" /><testcase classname="backend.tests.test_mvp_core_flows" name="test_checkins_and_journal_persistence" time="0.219" /><testcase classname="backend.tests.test_mvp_core_flows" name="test_ai_professor_stream_and_message_history" time="5.428" /><testcase classname="backend.tests.test_mvp_core_flows" name="test_plans_checkout_support_and_admin" time="0.838" /></testsuite></testsuites>