<?xml version="1.0" encoding="utf-8"?><testsuites name="pytest tests"><testsuite name="pytest" errors="0" failures="2" skipped="0" tests="9" time="1.377" timestamp="2026-06-05T05:16:24.875508+00:00" hostname="agent-env-c4db11f2-a9ae-41fe-ba7e-3cd14101ea57"><testcase classname="backend.tests.test_visitor_access_controls" name="test_public_preview_contains_browsable_catalog" time="0.370" /><testcase classname="backend.tests.test_visitor_access_controls" name="test_visitor_cannot_access_protected_endpoints[/dashboard]" time="0.105" /><testcase classname="backend.tests.test_visitor_access_controls" name="test_visitor_cannot_access_protected_endpoints[/journal]" time="0.103" /><testcase classname="backend.tests.test_visitor_access_controls" name="test_visitor_cannot_access_protected_endpoints[/classes]" time="0.101" /><testcase classname="backend.tests.test_visitor_access_controls" name="test_visitor_cannot_access_protected_endpoints[/replays]" time="0.100" /><testcase classname="backend.tests.test_visitor_access_controls" name="test_visitor_cannot_access_protected_endpoints[/certificates]" time="0.100" /><testcase classname="backend.tests.test_visitor_access_controls" name="test_visitor_cannot_access_protected_endpoints[/support/tickets]" time="0.096" /><testcase classname="backend.tests.test_visitor_access_controls" name="test_programs_listing_for_visitor_does_not_expose_full_tracks" time="0.112"><failure message="assert False&#10; +  where False = all(&lt;generator object test_programs_listing_for_visitor_does_not_expose_full_tracks.&lt;locals&gt;.&lt;genexpr&gt; at 0xfb01131dbe20&gt;)">backend/tests/test_visitor_access_controls.py:76: in test_programs_listing_for_visitor_does_not_expose_full_tracks
    assert all(len(program.get("tracks", [])) == 0 for program in data["programs"])
E   assert False
E    +  where False = all(&lt;generator object test_programs_listing_for_visitor_does_not_expose_full_tracks.&lt;locals&gt;.&lt;genexpr&gt; at 0xfb01131dbe20&gt;)</failure></testcase><testcase classname="backend.tests.test_visitor_access_controls" name="test_program_detail_for_visitor_does_not_expose_assignments" time="0.155"><failure message="AssertionError: assert 4 == 0&#10; +  where 4 = len([{'certificate_title': 'School of Recovery Beginner Certificate', 'course_id': 'recovery-foundations', 'graduation_requirement': 'Complete all modules, quizzes, assignments, attendance milestones, and final reflection.', 'id': 'recovery-beginner', ...}, {'certificate_title': 'School of Recovery Intermediate Certificate', 'course_id': 'recovery-foundations', 'graduation_requirement': 'Complete all modules, quizzes, assignments, attendance milestones, and final reflection.', 'id': 'recovery-intermediate', ...}, {'certificate_title': 'School of Recovery Advanced Certificate', 'course_id': 'recovery-foundations', 'graduation_requirement': 'Complete all modules, quizzes, assignments, attendance milestones, and final reflection.', 'id': 'recovery-advanced', ...}, {'certificate_title': 'School of Recovery Mastery Certificate', 'course_id': 'recovery-foundations', 'graduation_requirement': 'Complete all modules, quizzes, assignments, attendance milestones, and final reflection.', 'id': 'recovery-mastery', ...}])&#10; +    where [{'certificate_title': 'School of Recovery Beginner Certificate', 'course_id': 'recovery-foundations', 'graduation_requirement': 'Complete all modules, quizzes, assignments, attendance milestones, and final reflection.', 'id': 'recovery-beginner', ...}, {'certificate_title': 'School of Recovery Intermediate Certificate', 'course_id': 'recovery-foundations', 'graduation_requirement': 'Complete all modules, quizzes, assignments, attendance milestones, and final reflection.', 'id': 'recovery-intermediate', ...}, {'certificate_title': 'School of Recovery Advanced Certificate', 'course_id': 'recovery-foundations', 'graduation_requirement': 'Complete all modules, quizzes, assignments, attendance milestones, and final reflection.', 'id': 'recovery-advanced', ...}, {'certificate_title': 'School of Recovery Mastery Certificate', 'course_id': 'recovery-foundations', 'graduation_requirement': 'Complete all modules, quizzes, assignments, attendance milestones, and final reflection.', 'id': 'recovery-mastery', ...}] = &lt;built-in method get of dict object at 0xfb01131585c0&gt;('tracks', [])&#10; +      where &lt;built-in method get of dict object at 0xfb01131585c0&gt; = {'description': 'Build day-by-day recovery foundations, relapse prevention skills, and supportive routines.', 'graduation_pathway': ['Beginner', 'Intermediate', 'Advanced', 'Mastery', 'School Graduation'], 'id': 'program-recovery', 'professor': 'Professor Hope', ...}.get">backend/tests/test_visitor_access_controls.py:96: in test_program_detail_for_visitor_does_not_expose_assignments
    assert len(program.get("tracks", [])) == 0
E   AssertionError: assert 4 == 0
E    +  where 4 = len([{'certificate_title': 'School of Recovery Beginner Certificate', 'course_id': 'recovery-foundations', 'graduation_requirement': 'Complete all modules, quizzes, assignments, attendance milestones, and final reflection.', 'id': 'recovery-beginner', ...}, {'certificate_title': 'School of Recovery Intermediate Certificate', 'course_id': 'recovery-foundations', 'graduation_requirement': 'Complete all modules, quizzes, assignments, attendance milestones, and final reflection.', 'id': 'recovery-intermediate', ...}, {'certificate_title': 'School of Recovery Advanced Certificate', 'course_id': 'recovery-foundations', 'graduation_requirement': 'Complete all modules, quizzes, assignments, attendance milestones, and final reflection.', 'id': 'recovery-advanced', ...}, {'certificate_title': 'School of Recovery Mastery Certificate', 'course_id': 'recovery-foundations', 'graduation_requirement': 'Complete all modules, quizzes, assignments, attendance milestones, and final reflection.', 'id': 'recovery-mastery', ...}])
E    +    where [{'certificate_title': 'School of Recovery Beginner Certificate', 'course_id': 'recovery-foundations', 'graduation_requirement': 'Complete all modules, quizzes, assignments, attendance milestones, and final reflection.', 'id': 'recovery-beginner', ...}, {'certificate_title': 'School of Recovery Intermediate Certificate', 'course_id': 'recovery-foundations', 'graduation_requirement': 'Complete all modules, quizzes, assignments, attendance milestones, and final reflection.', 'id': 'recovery-intermediate', ...}, {'certificate_title': 'School of Recovery Advanced Certificate', 'course_id': 'recovery-foundations', 'graduation_requirement': 'Complete all modules, quizzes, assignments, attendance milestones, and final reflection.', 'id': 'recovery-advanced', ...}, {'certificate_title': 'School of Recovery Mastery Certificate', 'course_id': 'recovery-foundations', 'graduation_requirement': 'Complete all modules, quizzes, assignments, attendance milestones, and final reflection.', 'id': 'recovery-mastery', ...}] = &lt;built-in method get of dict object at 0xfb01131585c0&gt;('tracks', [])
E    +      where &lt;built-in method get of dict object at 0xfb01131585c0&gt; = {'description': 'Build day-by-day recovery foundations, relapse prevention skills, and supportive routines.', 'graduation_pathway': ['Beginner', 'Intermediate', 'Advanced', 'Mastery', 'School Graduation'], 'id': 'program-recovery', 'professor': 'Professor Hope', ...}.get</failure></testcase></testsuite></testsuites>