<?xml version="1.0" encoding="utf-8"?><testsuites name="pytest tests"><testsuite name="pytest" errors="0" failures="0" skipped="0" tests="7" time="8.595" timestamp="2026-06-05T05:02:04.188032+00:00" hostname="agent-env-c4db11f2-a9ae-41fe-ba7e-3cd14101ea57"><testcase classname="backend.tests.test_onboarding_primary_focus_personalization" name="test_onboarding_options_stage_values_are_exact" time="0.312" /><testcase classname="backend.tests.test_onboarding_primary_focus_personalization" name="test_onboarding_persists_primary_recovery_focus" time="0.455" /><testcase classname="backend.tests.test_onboarding_primary_focus_personalization" name="test_dashboard_first_visit_reflects_focus_personalization" time="0.435" /><testcase classname="backend.tests.test_onboarding_primary_focus_personalization" name="test_learning_plan_contains_focus_and_specialized_content" time="0.445" /><testcase classname="backend.tests.test_onboarding_primary_focus_personalization" name="test_ai_chat_stream_works_for_focus_personalized_profile" time="6.067" /><testcase classname="backend.tests.test_onboarding_primary_focus_personalization" name="test_onboarding_rejects_empty_primary_focus_with_422" time="0.382" /><testcase classname="backend.tests.test_onboarding_primary_focus_personalization" name="test_onboarding_rejects_unsupported_primary_focus_with_422" time="0.374" /></testsuite></testsuites>