<?xml version="1.0" encoding="utf-8"?><testsuites name="pytest tests"><testsuite name="pytest" errors="0" failures="0" skipped="0" tests="7" time="3.509" timestamp="2026-06-05T04:26:01.626983+00:00" hostname="agent-env-c4db11f2-a9ae-41fe-ba7e-3cd14101ea57"><testcase classname="backend.tests.test_dashboard_first_session_flags" name="test_new_user_first_dashboard_contains_first_session_payload" time="0.531" /><testcase classname="backend.tests.test_dashboard_first_session_flags" name="test_mark_visited_flips_first_session_false" time="0.525" /><testcase classname="backend.tests.test_dashboard_first_session_flags" name="test_user_flags_progression_in_me_endpoint" time="0.565" /><testcase classname="backend.tests.test_dashboard_first_session_flags" name="test_existing_returning_user_sees_welcome_back" time="0.370" /><testcase classname="backend.tests.test_dashboard_first_session_flags" name="test_existing_returning_admin_sees_welcome_back" time="0.374" /><testcase classname="backend.tests.test_dashboard_first_session_flags" name="test_rerun_onboarding_does_not_downgrade_returning_student" time="0.480" /><testcase classname="backend.tests.test_dashboard_first_session_flags" name="test_post_onboarding_routes_no_regression" time="0.576" /></testsuite></testsuites>