<?xml version="1.0" encoding="utf-8"?><testsuites name="pytest tests"><testsuite name="pytest" errors="0" failures="0" skipped="0" tests="6" time="6.349" timestamp="2026-06-05T04:59:16.986356+00:00" hostname="agent-env-c4db11f2-a9ae-41fe-ba7e-3cd14101ea57"><testcase classname="backend.tests.test_onboarding_primary_focus_personalization" name="test_onboarding_options_stage_values_are_exact" time="0.148" /><testcase classname="backend.tests.test_onboarding_primary_focus_personalization" name="test_onboarding_persists_primary_recovery_focus" time="0.446" /><testcase classname="backend.tests.test_onboarding_primary_focus_personalization" name="test_dashboard_first_visit_reflects_focus_personalization" time="0.507" /><testcase classname="backend.tests.test_onboarding_primary_focus_personalization" name="test_learning_plan_contains_focus_and_specialized_content" time="0.416" /><testcase classname="backend.tests.test_onboarding_primary_focus_personalization" name="test_ai_chat_stream_works_for_focus_personalized_profile" time="4.358" /><testcase classname="backend.tests.test_onboarding_primary_focus_personalization" name="test_onboarding_allows_empty_primary_focus_current_behavior" time="0.401" /></testsuite></testsuites>