<?xml version="1.0" encoding="utf-8"?><testsuites name="pytest tests"><testsuite name="pytest" errors="0" failures="0" skipped="0" tests="7" time="9.905" timestamp="2026-06-05T05:19:16.337756+00:00" hostname="agent-env-c4db11f2-a9ae-41fe-ba7e-3cd14101ea57"><testcase classname="backend.tests.test_onboarding_primary_focus_personalization" name="test_onboarding_options_stage_values_are_exact" time="0.103" /><testcase classname="backend.tests.test_onboarding_primary_focus_personalization" name="test_onboarding_persists_primary_recovery_focus" time="0.435" /><testcase classname="backend.tests.test_onboarding_primary_focus_personalization" name="test_dashboard_first_visit_reflects_focus_personalization" time="0.450" /><testcase classname="backend.tests.test_onboarding_primary_focus_personalization" name="test_learning_plan_contains_focus_and_specialized_content" time="0.432" /><testcase classname="backend.tests.test_onboarding_primary_focus_personalization" name="test_ai_chat_stream_works_for_focus_personalized_profile" time="7.691" /><testcase classname="backend.tests.test_onboarding_primary_focus_personalization" name="test_onboarding_rejects_empty_primary_focus_with_422" time="0.372" /><testcase classname="backend.tests.test_onboarding_primary_focus_personalization" name="test_onboarding_rejects_unsupported_primary_focus_with_422" time="0.355" /></testsuite></testsuites>