<?xml version="1.0" encoding="utf-8"?><testsuites name="pytest tests"><testsuite name="pytest" errors="0" failures="0" skipped="0" tests="7" time="3.769" timestamp="2026-06-05T04:04:21.451858+00:00" hostname="agent-env-c4db11f2-a9ae-41fe-ba7e-3cd14101ea57"><testcase classname="backend.tests.test_phase2_semester_ecosystem" name="test_programs_semester_tracks" time="0.533" /><testcase classname="backend.tests.test_phase2_semester_ecosystem" name="test_program_detail_and_assignment_progress" time="0.354" /><testcase classname="backend.tests.test_phase2_semester_ecosystem" name="test_files_upload_list_download_and_export" time="0.784" /><testcase classname="backend.tests.test_phase2_semester_ecosystem" name="test_events_rsvp_attendance_and_replay_library" time="0.308" /><testcase classname="backend.tests.test_phase2_semester_ecosystem" name="test_voice_professors_and_provider_ready_session" time="0.149" /><testcase classname="backend.tests.test_phase2_semester_ecosystem" name="test_file_rbac_non_owner_denied_admin_allowed" time="0.997" /><testcase classname="backend.tests.test_phase2_semester_ecosystem" name="test_persistence_after_relogin_for_phase2_data" time="0.555" /></testsuite></testsuites>