<?xml version="1.0" encoding="utf-8"?><testsuites name="pytest tests"><testsuite name="pytest" errors="0" failures="0" skipped="0" tests="4" time="1.509" timestamp="2026-06-05T04:08:45.303124+00:00" hostname="agent-env-c4db11f2-a9ae-41fe-ba7e-3cd14101ea57"><testcase classname="backend.tests.test_voice_session_contracts" name="test_voice_provider_ready_contract_intact" time="0.563" /><testcase classname="backend.tests.test_voice_session_contracts" name="test_student_voice_session_is_listed_and_scoped" time="0.142" /><testcase classname="backend.tests.test_voice_session_contracts" name="test_student_export_includes_voice_sessions" time="0.143" /><testcase classname="backend.tests.test_voice_session_contracts" name="test_admin_cannot_view_student_voice_sessions" time="0.491" /></testsuite></testsuites>