<?xml version="1.0" encoding="utf-8"?><testsuites name="pytest tests"><testsuite name="pytest" errors="0" failures="0" skipped="0" tests="7" time="3.227" timestamp="2026-06-05T03:26:47.552623+00:00" hostname="agent-env-c4db11f2-a9ae-41fe-ba7e-3cd14101ea57"><testcase classname="backend.tests.test_expanded_learning_ecosystem" name="test_expanded_catalog_and_pathways" time="0.591" /><testcase classname="backend.tests.test_expanded_learning_ecosystem" name="test_professors_payload" time="0.151" /><testcase classname="backend.tests.test_expanded_learning_ecosystem" name="test_onboarding_and_learning_plan_persistence" time="0.241" /><testcase classname="backend.tests.test_expanded_learning_ecosystem" name="test_live_classes_and_classroom_flow" time="0.414" /><testcase classname="backend.tests.test_expanded_learning_ecosystem" name="test_certificate_download" time="0.229" /><testcase classname="backend.tests.test_expanded_learning_ecosystem" name="test_support_tickets_and_admin_inbox" time="0.811" /><testcase classname="backend.tests.test_expanded_learning_ecosystem" name="test_admin_summary_and_cross_login_persistence" time="0.679" /></testsuite></testsuites>