<?xml version="1.0" encoding="utf-8"?><testsuites name="pytest tests"><testsuite name="pytest" errors="0" failures="1" skipped="0" tests="5" time="2.781" timestamp="2026-06-05T04:20:32.121865+00:00" hostname="agent-env-c4db11f2-a9ae-41fe-ba7e-3cd14101ea57"><testcase classname="backend.tests.test_dashboard_first_session_flags" name="test_new_user_first_dashboard_contains_first_session_payload" time="0.543" /><testcase classname="backend.tests.test_dashboard_first_session_flags" name="test_mark_visited_flips_first_session_false" time="0.527" /><testcase classname="backend.tests.test_dashboard_first_session_flags" name="test_user_flags_progression_in_me_endpoint" time="0.584" /><testcase classname="backend.tests.test_dashboard_first_session_flags" name="test_existing_returning_user_sees_welcome_back" time="0.423"><failure message="assert True is False">backend/tests/test_dashboard_first_session_flags.py:186: in test_existing_returning_user_sees_welcome_back
    assert payload["is_first_session"] is False
E   assert True is False</failure></testcase><testcase classname="backend.tests.test_dashboard_first_session_flags" name="test_post_onboarding_routes_no_regression" time="0.599" /></testsuite></testsuites>